Build started 23.8.2015 13:56:31.
     1>Project "C:\Users\Henrich\Desktop\C++_project\FSXtoDLCSim\FSXtoDLCSim\FSXtoDLCSim.vcxproj" on node 2 (Rebuild target(s)).
     1>CustomBuild:
         Moc'ing fsx_export.h...
         Moc'ing fsxexport_gui.h...
         Uic'ing fsxexport_gui.ui...
       ClCompile:
         C:\Program Files (x86)\Microsoft Visual Studio 11.0\VC\bin\CL.exe /c /I"C:\Program Files (x86)\Microsoft Games\Microsoft Flight Simulator X SDK\SDK\Core Utilities Kit\SimConnect SDK\inc" /I.\GeneratedFiles /IC:\Qt\Qt5.2.1_x86\5.2.1\msvc2012\include /IC:\Qt\Qt5.2.1_x86\5.2.1\msvc2012\include\QtNetwork /IC:\Qt\Qt5.2.1_x86\5.2.1\msvc2012\include\QtCore /IC:\Qt\Qt5.2.1_x86\5.2.1\msvc2012\include\QtGui /Zi /nologo /W3 /WX- /sdl /O2 /Oi /Oy- /GL /D WIN32 /D NDEBUG /D _CONSOLE /D QT_DLL /D QT_NETWORK_LIB /D QT_CORE_LIB /D QT_GUI_LIB /D _UNICODE /D UNICODE /Gm- /EHsc /MD /GS /Gy /fp:precise /Zc:wchar_t /Zc:forScope /Yc"stdafx.h" /Fp"Release\FSXtoDLCSim.pch" /Fo"Release\\" /Fd"Release\vc110.pdb" /Gd /TP /analyze- /errorReport:prompt stdafx.cpp
         stdafx.cpp
         C:\Program Files (x86)\Microsoft Visual Studio 11.0\VC\bin\CL.exe /c /I"C:\Program Files (x86)\Microsoft Games\Microsoft Flight Simulator X SDK\SDK\Core Utilities Kit\SimConnect SDK\inc" /I.\GeneratedFiles /IC:\Qt\Qt5.2.1_x86\5.2.1\msvc2012\include /IC:\Qt\Qt5.2.1_x86\5.2.1\msvc2012\include\QtNetwork /IC:\Qt\Qt5.2.1_x86\5.2.1\msvc2012\include\QtCore /IC:\Qt\Qt5.2.1_x86\5.2.1\msvc2012\include\QtGui /Zi /nologo /W3 /WX- /sdl /O2 /Oi /Oy- /GL /D WIN32 /D NDEBUG /D _CONSOLE /D QT_DLL /D QT_NETWORK_LIB /D QT_CORE_LIB /D QT_GUI_LIB /D _UNICODE /D UNICODE /Gm- /EHsc /MD /GS /Gy /fp:precise /Zc:wchar_t /Zc:forScope /Yu"stdafx.h" /Fp"Release\FSXtoDLCSim.pch" /Fo"Release\\" /Fd"Release\vc110.pdb" /Gd /TP /analyze- /errorReport:prompt fsxexport_gui.cpp FSXtoDLCSim.cpp fsx_export.cpp GeneratedFiles\Release\moc_fsxexport_gui.cpp GeneratedFiles\Release\moc_fsx_export.cpp
         fsxexport_gui.cpp
         FSXtoDLCSim.cpp
         fsx_export.cpp
     1>fsx_export.cpp(177): warning C4305: 'argument' : truncation from 'double' to 'float'
     1>fsx_export.cpp(181): warning C4305: 'argument' : truncation from 'double' to 'float'
     1>fsx_export.cpp(182): warning C4305: 'argument' : truncation from 'double' to 'float'
     1>fsx_export.cpp(183): warning C4305: 'argument' : truncation from 'double' to 'float'
     1>fsx_export.cpp(184): warning C4305: 'argument' : truncation from 'double' to 'float'
     1>fsx_export.cpp(188): warning C4305: 'argument' : truncation from 'double' to 'float'
     1>fsx_export.cpp(189): warning C4305: 'argument' : truncation from 'double' to 'float'
     1>fsx_export.cpp(190): warning C4305: 'argument' : truncation from 'double' to 'float'
     1>fsx_export.cpp(191): warning C4305: 'argument' : truncation from 'double' to 'float'
     1>fsx_export.cpp(165): warning C4101: 'wp' : unreferenced local variable
         moc_fsxexport_gui.cpp
         moc_fsx_export.cpp
       ResourceCompile:
         C:\Program Files (x86)\Windows Kits\8.0\bin\x86\rc.exe /D _UNICODE /D UNICODE /l"0x0409" /nologo /fo"Release\fsx_export.res" fsx_export.rc 
       Link:
         C:\Program Files (x86)\Microsoft Visual Studio 11.0\VC\bin\link.exe /ERRORREPORT:PROMPT /OUT:"C:\Users\Henrich\Desktop\C++_project\FSXtoDLCSim\Release\FSXtoDLCSim.exe" /INCREMENTAL:NO /NOLOGO /LIBPATH:C:\Qt\Qt5.2.1_x86\5.2.1\msvc2012\lib /LIBPATH:"C:\Program Files (x86)\Microsoft Games\Microsoft Flight Simulator X SDK\SDK\Core Utilities Kit\SimConnect SDK\lib" C:\Qt\Qt5.2.1_x86\5.2.1\msvc2012\lib\Qt5Gui.lib C:\Qt\Qt5.2.1_x86\5.2.1\msvc2012\lib\Qt5Core.lib C:\Qt\Qt5.2.1_x86\5.2.1\msvc2012\lib\qtmain.lib C:\Qt\Qt5.2.1_x86\5.2.1\msvc2012\lib\Qt5Widgets.lib simconnect.lib Qt5Network.lib Qt5Core.lib Qt5Gui.lib kernel32.lib user32.lib gdi32.lib winspool.lib comdlg32.lib advapi32.lib shell32.lib ole32.lib oleaut32.lib uuid.lib odbc32.lib odbccp32.lib /MANIFEST /MANIFESTUAC:"level='asInvoker' uiAccess='false'" /manifest:embed /DEBUG /PDB:"C:\Users\Henrich\Desktop\C++_project\FSXtoDLCSim\Release\FSXtoDLCSim.pdb" /SUBSYSTEM:CONSOLE /OPT:REF /OPT:ICF /LTCG /TLBID:1 /DYNAMICBASE /NXCOMPAT /IMPLIB:"C:\Users\Henrich\Desktop\C++_project\FSXtoDLCSim\Release\FSXtoDLCSim.lib" /MACHINE:X86 /SAFESEH Release\fsx_export.res
         Release\fsxexport_gui.obj
         Release\FSXtoDLCSim.obj
         Release\fsx_export.obj
         Release\moc_fsxexport_gui.obj
         Release\moc_fsx_export.obj
         Release\stdafx.obj
         Generating code
         Finished generating code
         FSXtoDLCSim.vcxproj -> C:\Users\Henrich\Desktop\C++_project\FSXtoDLCSim\Release\FSXtoDLCSim.exe
     1>Done Building Project "C:\Users\Henrich\Desktop\C++_project\FSXtoDLCSim\FSXtoDLCSim\FSXtoDLCSim.vcxproj" (Rebuild target(s)).

Build succeeded.

Time Elapsed 00:00:09.41
